2024-05-07 01:40:20 - INFO - [['.3%']] for NFYS found
2024-05-07 01:40:31 - INFO - [['.21%']] for APCA found
2024-05-07 01:40:42 - INFO - [['.19%']] for PHYT found
2024-05-07 01:40:53 - INFO - [['.26%']] for TRIS found
2024-05-07 01:41:04 - INFO - [['.17%']] for IFIN found
2024-05-07 01:41:14 - INFO - [['.5%']] for WEL found
2024-05-07 01:41:25 - INFO - [['.19%']] for DSAQ found
2024-05-07 01:41:35 - INFO - [['160.04%']] for HLGN found
2024-05-07 01:41:45 - INFO - [['7.02%']] for CVNA found
2024-05-07 01:41:57 - INFO - [['4.02%']] for TUP found
2024-05-07 01:42:09 - INFO - [['11.53%']] for ML found
2024-05-07 01:42:19 - INFO - [['9.3%']] for QBTS found
2024-05-07 01:42:29 - INFO - [['6.9%']] for AKA found
2024-05-07 01:42:46 - INFO - [['3.18%']] for VRT found
2024-05-07 01:42:57 - INFO - [['8.56%']] for BLND found
2024-05-07 01:43:07 - INFO - [['6.46%']] for KUKE found
2024-05-07 01:43:18 - INFO - [['8.86%']] for FXLV found
2024-05-07 01:43:28 - INFO - [['4.08%']] for SNDA found
2024-05-07 01:43:41 - INFO - [['3.49%']] for ANF found
2024-05-07 01:43:52 - INFO - [['3.02%']] for MOD found
2024-05-07 01:44:03 - INFO - [['18.42%']] for ADCT found
2024-05-07 01:44:14 - INFO - [['3.37%']] for CSR found
2024-05-07 01:44:24 - INFO - [['3.2%']] for CLS found
2024-05-07 01:44:34 - INFO - [['6.1%']] for OUST found
2024-05-07 01:44:45 - INFO - [['8.53%']] for BHVN found
2024-05-07 01:44:56 - INFO - [['4.55%']] for AMRX found
2024-05-07 01:45:15 - INFO - [['3.28%']] for HRTG found
2024-05-07 01:45:27 - INFO - [['8.55%']] for GOTU found
2024-05-07 01:45:38 - INFO - [['4.36%']] for SUPV found
2024-05-07 01:45:49 - INFO - [['3.87%']] for BMA found
